

Time	     CPU    %usr   %nice    %sys %iowait    %irq   %soft  %steal  %guest  %gnice   %idle

10:20:24     all   45.45    0.00   54.55    0.00    0.00    0.00    0.00    0.00    0.00    0.00
10:20:25     all   10.00    0.00   11.00    0.00    0.00    0.00    0.00    0.00    0.00   79.00
10:20:26     all   30.30    0.00   49.49    1.01    0.00    0.00    0.00    0.00    0.00   19.19
10:20:27     all   38.00    0.00   62.00    0.00    0.00    0.00    0.00    0.00    0.00    0.00
10:20:28     all   38.78    0.00   60.20    0.00    0.00    0.00    0.00    0.00    0.00    1.02
10:20:29     all   18.37    0.00    7.14    0.00    0.00    0.00    0.00    0.00    0.00   74.49
10:20:30     all   40.40    0.00   59.60    0.00    0.00    0.00    0.00    0.00    0.00    0.00
10:20:31     all   35.35    0.00   64.65    0.00    0.00    0.00    0.00    0.00    0.00    0.00
10:20:32     all   31.31    0.00   50.51    0.00    0.00    0.00    0.00    0.00    0.00   18.18
10:20:33     all    9.09    0.00   11.11    0.00    0.00    0.00    0.00    0.00    0.00   79.80
10:20:34     all   40.40    0.00   59.60    0.00    0.00    0.00    0.00    0.00    0.00    0.00
10:20:35     all   42.00    0.00   58.00    0.00    0.00    0.00    0.00    0.00    0.00    0.00
10:20:36     all   26.26    0.00   38.38    0.00    0.00    0.00    0.00    0.00    0.00   35.35
10:20:37     all   14.29    0.00   21.43    0.00    0.00    0.00    0.00    0.00    0.00   64.29
10:20:38     all   40.82    0.00   59.18    0.00    0.00    0.00    0.00    0.00    0.00    0.00
10:20:39     all   41.41    0.00   58.59    0.00    0.00    0.00    0.00    0.00    0.00    0.00
10:20:40     all   21.21    0.00   26.26    0.00    0.00    0.00    0.00    0.00    0.00   52.53
10:20:41     all   24.24    0.00   30.30    0.00    0.00    0.00    0.00    0.00    0.00   45.45
10:20:42     all   43.88    0.00   56.12    0.00    0.00    0.00    0.00    0.00    0.00    0.00
10:20:43     all   48.00    0.00   52.00    0.00    0.00    0.00    0.00    0.00    0.00    0.00
10:20:44     all   17.17    0.00   18.18    0.00    0.00    0.00    0.00    0.00    0.00   64.65
10:20:45     all   38.78    0.00   34.69    0.00    0.00    1.02    0.00    0.00    0.00   25.51
10:20:46     all   42.86    0.00   57.14    0.00    0.00    0.00    0.00    0.00    0.00    0.00
10:20:47     all   37.37    0.00   62.63    0.00    0.00    0.00    0.00    0.00    0.00    0.00
10:20:48     all   19.00    0.00   34.00    0.00    0.00    0.00    0.00    0.00    0.00   47.00
10:20:49     all   20.20    0.00   27.27    0.00    0.00    0.00    0.00    0.00    0.00   52.53
10:20:50     all   42.42    0.00   57.58    0.00    0.00    0.00    0.00    0.00    0.00    0.00
10:20:51     all   44.90    0.00   55.10    0.00    0.00    0.00    0.00    0.00    0.00    0.00
10:20:52     all   20.20    0.00   31.31    0.00    0.00    0.00    0.00    0.00    0.00   48.48
10:20:53     all   29.17    0.00   20.83   23.96    0.00    0.00    0.00    0.00    0.00   26.04
10:20:54     all   41.00    0.00   58.00    0.00    0.00    1.00    0.00    0.00    0.00    0.00
10:20:55     all   37.11    0.00   62.89    0.00    0.00    0.00    0.00    0.00    0.00    0.00
10:20:56     all   36.08    0.00   53.61    0.00    0.00    0.00    0.00    0.00    0.00   10.31
10:20:57     all    6.06    0.00    6.06    0.00    0.00    0.00    0.00    0.00    0.00   87.88
10:20:58     all   40.40    0.00   59.60    0.00    0.00    0.00    0.00    0.00    0.00    0.00
10:20:59     all   43.88    0.00   56.12    0.00    0.00    0.00    0.00    0.00    0.00    0.00
10:21:00     all   34.69    0.00   43.88    0.00    0.00    0.00    0.00    0.00    0.00   21.43
10:21:01     all   12.12    0.00   12.12    0.00    0.00    0.00    0.00    0.00    0.00   75.76
10:21:02     all   44.44    0.00   55.56    0.00    0.00    0.00    0.00    0.00    0.00    0.00
10:21:03     all   45.45    0.00   54.55    0.00    0.00    0.00    0.00    0.00    0.00    0.00
10:21:04     all   33.67    0.00   48.98    0.00    0.00    0.00    0.00    0.00    0.00   17.35
10:21:05     all   11.11    0.00   11.11    0.00    0.00    0.00    0.00    0.00    0.00   77.78
10:21:06     all   42.86    0.00   57.14    0.00    0.00    0.00    0.00    0.00    0.00    0.00
10:21:07     all   37.37    0.00   62.63    0.00    0.00    0.00    0.00    0.00    0.00    0.00
10:21:08     all   29.29    0.00   47.47    0.00    0.00    0.00    0.00    0.00    0.00   23.23
10:21:09     all   11.00    0.00   13.00    0.00    0.00    0.00    0.00    0.00    0.00   76.00
10:21:10     all   36.36    0.00   63.64    0.00    0.00    0.00    0.00    0.00    0.00    0.00
10:21:11     all   36.36    0.00   63.64    0.00    0.00    0.00    0.00    0.00    0.00    0.00
10:21:12     all   21.00    0.00   29.00    0.00    0.00    0.00    0.00    0.00    0.00   50.00
10:21:13     all   20.20    0.00   30.30    1.01    0.00    0.00    0.00    0.00    0.00   48.48
10:21:14     all   44.44    0.00   55.56    0.00    0.00    0.00    0.00    0.00    0.00    0.00
10:21:15     all   37.00    0.00   62.00    0.00    0.00    1.00    0.00    0.00    0.00    0.00
10:21:16     all   11.11    0.00   19.19    0.00    0.00    0.00    0.00    0.00    0.00   69.70
10:21:17     all   30.30    0.00   39.39    0.00    0.00    0.00    0.00    0.00    0.00   30.30
10:21:18     all   42.42    0.00   57.58    0.00    0.00    0.00    0.00    0.00    0.00    0.00
10:21:19     all   44.44    0.00   55.56    0.00    0.00    0.00    0.00    0.00    0.00    0.00
10:21:20     all    7.00    0.00   10.00    0.00    0.00    0.00    0.00    0.00    0.00   83.00
10:21:21     all   37.37    0.00   45.45    0.00    0.00    0.00    0.00    0.00    0.00   17.17
10:21:22     all   42.42    0.00   57.58    0.00    0.00    0.00    0.00    0.00    0.00    0.00
10:21:23     all   39.80    0.00   56.12    0.00    0.00    0.00    0.00    0.00    0.00    4.08
10:21:24     all    2.00    0.00    3.00    0.00    0.00    0.00    0.00    0.00    0.00   95.00
10:21:25     all   40.40    0.00   59.60    0.00    0.00    0.00    0.00    0.00    0.00    0.00
10:21:26     all   41.41    0.00   58.59    0.00    0.00    0.00    0.00    0.00    0.00    0.00
10:21:27     all   27.00    0.00   42.00    0.00    0.00    0.00    0.00    0.00    0.00   31.00
10:21:28     all   13.13    0.00   18.18    0.00    0.00    0.00    0.00    0.00    0.00   68.69
10:21:29     all   44.44    0.00   55.56    0.00    0.00    0.00    0.00    0.00    0.00    0.00
10:21:30     all   43.43    0.00   56.57    0.00    0.00    0.00    0.00    0.00    0.00    0.00
10:21:31     all   29.29    0.00   36.36    0.00    0.00    0.00    0.00    0.00    0.00   34.34
10:21:32     all   14.00    0.00   21.00    0.00    0.00    0.00    0.00    0.00    0.00   65.00
10:21:33     all   40.40    0.00   59.60    0.00    0.00    0.00    0.00    0.00    0.00    0.00
10:21:34     all   40.00    0.00   60.00    0.00    0.00    0.00    0.00    0.00    0.00    0.00
10:21:35     all   15.31    0.00   23.47    0.00    0.00    0.00    0.00    0.00    0.00   61.22
10:21:36     all   23.23    0.00   38.38    0.00    0.00    0.00    0.00    0.00    0.00   38.38
10:21:37     all   38.00    0.00   62.00    0.00    0.00    0.00    0.00    0.00    0.00    0.00
10:21:38     all   36.00    0.00   63.00    0.00    0.00    1.00    0.00    0.00    0.00    0.00
10:21:39     all    7.00    0.00    9.00    0.00    0.00    0.00    0.00    0.00    0.00   84.00
10:21:40     all   36.73    0.00   46.94    0.00    0.00    0.00    0.00    0.00    0.00   16.33
10:21:41     all   41.00    0.00   59.00    0.00    0.00    0.00    0.00    0.00    0.00    0.00
10:21:42     all   36.73    0.00   53.06    0.00    0.00    0.00    0.00    0.00    0.00   10.20
10:21:43     all    4.04    0.00    7.07    0.00    0.00    0.00    0.00    0.00    0.00   88.89
10:21:44     all   36.36    0.00   63.64    0.00    0.00    0.00    0.00    0.00    0.00    0.00
10:21:45     all   38.38    0.00   61.62    0.00    0.00    0.00    0.00    0.00    0.00    0.00
10:21:46     all   35.71    0.00   50.00    0.00    0.00    0.00    0.00    0.00    0.00   14.29
10:21:47     all    6.00    0.00   10.00    0.00    0.00    0.00    0.00    0.00    0.00   84.00
10:21:48     all   37.37    0.00   62.63    0.00    0.00    0.00    0.00    0.00    0.00    0.00
10:21:49     all   43.43    0.00   56.57    0.00    0.00    0.00    0.00    0.00    0.00    0.00
10:21:50     all   25.00    0.00   35.00    0.00    0.00    0.00    0.00    0.00    0.00   40.00
10:21:51     all   14.14    0.00   26.26    0.00    0.00    0.00    0.00    0.00    0.00   59.60
10:21:52     all   41.41    0.00   58.59    0.00    0.00    0.00    0.00    0.00    0.00    0.00
10:21:53     all   42.86    0.00   57.14    0.00    0.00    0.00    0.00    0.00    0.00    0.00
10:21:54     all   21.21    0.00   24.24    0.00    0.00    0.00    0.00    0.00    0.00   54.55
10:21:55     all   22.00    0.00   34.00    0.00    0.00    0.00    0.00    0.00    0.00   44.00
10:21:56     all   37.76    0.00   62.24    0.00    0.00    0.00    0.00    0.00    0.00    0.00
10:21:57     all   36.00    0.00   64.00    0.00    0.00    0.00    0.00    0.00    0.00    0.00
10:21:58     all    7.14    0.00   14.29    0.00    0.00    0.00    0.00    0.00    0.00   78.57
10:21:59     all   31.31    0.00   47.47    0.00    0.00    0.00    0.00    0.00    0.00   21.21
10:22:00     all   41.00    0.00   59.00    0.00    0.00    0.00    0.00    0.00    0.00    0.00
10:22:01     all   42.42    0.00   57.58    0.00    0.00    0.00    0.00    0.00    0.00    0.00
10:22:02     all    1.02    0.00    2.04    0.00    0.00    0.00    0.00    0.00    0.00   96.94
10:22:03     all   40.00    0.00   57.00    0.00    0.00    0.00    0.00    0.00    0.00    3.00
10:22:04     all   39.39    0.00   60.61    0.00    0.00    0.00    0.00    0.00    0.00    0.00
10:22:05     all   37.76    0.00   54.08    0.00    0.00    0.00    0.00    0.00    0.00    8.16
10:22:06     all    3.03    0.00    5.05    0.00    0.00    0.00    0.00    0.00    0.00   91.92
10:22:07     all   41.41    0.00   58.59    0.00    0.00    0.00    0.00    0.00    0.00    0.00
10:22:08     all   44.44    0.00   55.56    0.00    0.00    0.00    0.00    0.00    0.00    0.00
10:22:09     all   35.71    0.00   50.00    0.00    0.00    0.00    0.00    0.00    0.00   14.29
10:22:10     all   10.10    0.00    9.09    0.00    0.00    0.00    0.00    0.00    0.00   80.81
10:22:11     all   41.00    0.00   59.00    0.00    0.00    0.00    0.00    0.00    0.00    0.00
10:22:12     all   39.39    0.00   60.61    0.00    0.00    0.00    0.00    0.00    0.00    0.00
10:22:13     all   22.00    0.00   38.00    0.00    0.00    0.00    0.00    0.00    0.00   40.00
10:22:14     all   17.17    0.00   25.25    1.01    0.00    0.00    0.00    0.00    0.00   56.57
10:22:15     all   39.39    0.00   60.61    0.00    0.00    0.00    0.00    0.00    0.00    0.00
10:22:16     all   41.41    0.00   58.59    0.00    0.00    0.00    0.00    0.00    0.00    0.00
10:22:17     all   20.20    0.00   25.25    0.00    0.00    0.00    0.00    0.00    0.00   54.55
10:22:18     all   24.49    0.00   31.63    0.00    0.00    0.00    0.00    0.00    0.00   43.88
10:22:19     all   47.47    0.00   52.53    0.00    0.00    0.00    0.00    0.00    0.00    0.00
10:22:20     all   46.00    0.00   54.00    0.00    0.00    0.00    0.00    0.00    0.00    0.00
10:22:21     all   17.00    0.00   20.00    0.00    0.00    0.00    0.00    0.00    0.00   63.00
10:22:22     all   24.24    0.00   38.38    0.00    0.00    0.00    0.00    0.00    0.00   37.37
10:22:23     all   38.78    0.00   61.22    0.00    0.00    0.00    0.00    0.00    0.00    0.00

